0 info it worked if it ends with ok
1 verbose cli [ '/usr/bin/nodejs', '/usr/bin/npm', 'start' ]
2 info using npm@3.10.8
3 info using node@v6.9.0
4 verbose run-script [ 'prestart', 'start', 'poststart' ]
5 info lifecycle Sidebar@0.1.0~prestart: Sidebar@0.1.0
6 silly lifecycle Sidebar@0.1.0~prestart: no script for prestart, continuing
7 info lifecycle Sidebar@0.1.0~start: Sidebar@0.1.0
8 verbose lifecycle Sidebar@0.1.0~start: unsafe-perm in lifecycle true
9 verbose lifecycle Sidebar@0.1.0~start: PATH: /usr/lib/node_modules/npm/bin/node-gyp-bin:/var/www/html/Reviaco-OS/System/NW/Sidebar/node_modules/.bin:/home/geeekyboy/bin:/home/geeekyboy/.local/bin:/usr/local/sbin:/usr/local/bin:/usr/sbin:/usr/bin:/sbin:/bin:/usr/games:/usr/local/games:/snap/bin
10 verbose lifecycle Sidebar@0.1.0~start: CWD: /var/www/html/Reviaco-OS/System/NW/Sidebar
11 silly lifecycle Sidebar@0.1.0~start: Args: [ '-c', 'nw .' ]
12 info lifecycle Sidebar@0.1.0~start: Failed to exec start script
13 verbose stack Error: Sidebar@0.1.0 start: `nw .`
13 verbose stack spawn ENOENT
13 verbose stack     at ChildProcess.<anonymous> (/usr/lib/node_modules/npm/lib/utils/spawn.js:33:16)
13 verbose stack     at emitTwo (events.js:106:13)
13 verbose stack     at ChildProcess.emit (events.js:191:7)
13 verbose stack     at maybeClose (internal/child_process.js:877:16)
13 verbose stack     at Process.ChildProcess._handle.onexit (internal/child_process.js:226:5)
14 verbose pkgid Sidebar@0.1.0
15 verbose cwd /var/www/html/Reviaco-OS/System/NW/Sidebar
16 error Linux 4.8.0-22-generic
17 error argv "/usr/bin/nodejs" "/usr/bin/npm" "start"
18 error node v6.9.0
19 error npm  v3.10.8
20 error file sh
21 error code ELIFECYCLE
22 error errno ENOENT
23 error syscall spawn
24 error Sidebar@0.1.0 start: `nw .`
24 error spawn ENOENT
25 error Failed at the Sidebar@0.1.0 start script 'nw .'.
25 error Make sure you have the latest version of node.js and npm installed.
25 error If you do, this is most likely a problem with the Sidebar package,
25 error not with npm itself.
25 error Tell the author that this fails on your system:
25 error     nw .
25 error You can get information on how to open an issue for this project with:
25 error     npm bugs Sidebar
25 error Or if that isn't available, you can get their info via:
25 error     npm owner ls Sidebar
25 error There is likely additional logging output above.
26 verbose exit [ 1, true ]
